

HI-TECH Software PIC LITE Macro Assembler V9.82 build 9453 
                                                                                               Tue Apr 15 22:36:03 2025

HI-TECH Software Omniscient Code Generator (Lite mode) build 9453
     1  0000                     opt subtitle "HI-TECH Software Omniscient Code Generator (Lite mode) build 9453"
     2                           
     3                           opt pagewidth 120
     4                           
     5                           	opt lm
     6                           
     7                           	processor	16F877A
     8                           clrc	macro
     9                           	bcf	3,0
    10  0000                     	endm
    11                           clrz	macro
    12                           	bcf	3,2
    13  0000                     	endm
    14                           setc	macro
    15                           	bsf	3,0
    16  0000                     	endm
    17                           setz	macro
    18                           	bsf	3,2
    19  0000                     	endm
    20                           skipc	macro
    21                           	btfss	3,0
    22  0000                     	endm
    23                           skipz	macro
    24                           	btfss	3,2
    25  0000                     	endm
    26                           skipnc	macro
    27                           	btfsc	3,0
    28  0000                     	endm
    29                           skipnz	macro
    30                           	btfsc	3,2
    31  0000                     	endm
    32  0000                     indf	equ	0
    33  0000                     indf0	equ	0
    34  0002                     pc	equ	2
    35  0002                     pcl	equ	2
    36  0003                     status	equ	3
    37  0004                     fsr	equ	4
    38  0004                     fsr0	equ	4
    39  0001                     c	equ	1
    40  0000                     z	equ	0
    41  000A                     pclath	equ	10
    42                           	FNROOT	_main
    43                           	FNCALL	intlevel1,_tmr1
    44                           	global	intlevel1
    45                           	FNROOT	intlevel1
    46                           	global	_T1CON
    47                           psect	maintext,global,class=CODE,delta=2
    48                           global __pmaintext
    49  0015                     __pmaintext:
    50  0010                     _T1CON	set	16
    51                           	global	_TMR1H
    52  000F                     _TMR1H	set	15
    53                           	global	_TMR1L
    54  000E                     _TMR1L	set	14
    55                           	global	_CARRY
    56  0018                     _CARRY	set	24
    57                           	global	_GIE
    58  005F                     _GIE	set	95
    59                           	global	_PEIE
    60  005E                     _PEIE	set	94
    61                           	global	_RC7
    62  003F                     _RC7	set	63
    63                           	global	_TMR1IF
    64  0060                     _TMR1IF	set	96
    65                           	global	_TMR1IE
    66  0460                     _TMR1IE	set	1120
    67                           	global	_TRISC7
    68  043F                     _TRISC7	set	1087
    69                           	global	_EEADR
    70  010D                     _EEADR	set	269
    71                           	global	_EEDATA
    72  010C                     _EEDATA	set	268
    73                           	global	_EECON1
    74  018C                     _EECON1	set	396
    75                           	global	_EECON2
    76  018D                     _EECON2	set	397
    77                           	global	_RD
    78  0C60                     _RD	set	3168
    79                           	global	_WR
    80  0C61                     _WR	set	3169
    81                           	global	_WREN
    82  0C62                     _WREN	set	3170
    83                           	file	"shy_4_1.as"
    84                           	line	#
    85                           psect cinit,class=CODE,delta=2
    86                           global start_initialization
    87  003B                     start_initialization:
    88                           
    89                           psect cinit,class=CODE,delta=2
    90                           global end_of_initialization
    91                           
    92                           ;End of C runtime variable initialization code
    93                           
    94  003B                     end_of_initialization:
    95  003B  0183               clrf status
    96  003C  120A  118A  2815   ljmp _main	;jump to C main() function
    97                           psect	cstackCOMMON,class=COMMON,space=1
    98                           global __pcstackCOMMON
    99  0070                     __pcstackCOMMON:
   100                           	global	?_tmr1
   101  0070                     ?_tmr1:	; 0 bytes @ 0x0
   102                           	global	??_tmr1
   103  0070                     ??_tmr1:	; 0 bytes @ 0x0
   104                           	global	?_main
   105  0070                     ?_main:	; 2 bytes @ 0x0
   106  0070                     	ds	4
   107                           	global	??_main
   108  0074                     ??_main:	; 0 bytes @ 0x4
   109 ;;Data sizes: Strings 0, constant 0, data 0, bss 0, persistent 0 stack 0
   110 ;;Auto spaces:   Size  Autos    Used
   111 ;; COMMON          14      4       4
   112 ;; BANK0           80      0       0
   113 ;; BANK1           80      0       0
   114 ;; BANK3           96      0       0
   115 ;; BANK2           96      0       0
   116                           
   117 ;;
   118 ;; Pointer list with targets:
   119                           
   120                           
   121                           
   122 ;;
   123 ;; Critical Paths under _main in COMMON
   124 ;;
   125 ;;   None.
   126 ;;
   127 ;; Critical Paths under _tmr1 in COMMON
   128 ;;
   129 ;;   None.
   130 ;;
   131 ;; Critical Paths under _main in BANK0
   132 ;;
   133 ;;   None.
   134 ;;
   135 ;; Critical Paths under _tmr1 in BANK0
   136 ;;
   137 ;;   None.
   138 ;;
   139 ;; Critical Paths under _main in BANK1
   140 ;;
   141 ;;   None.
   142 ;;
   143 ;; Critical Paths under _tmr1 in BANK1
   144 ;;
   145 ;;   None.
   146 ;;
   147 ;; Critical Paths under _main in BANK3
   148 ;;
   149 ;;   None.
   150 ;;
   151 ;; Critical Paths under _tmr1 in BANK3
   152 ;;
   153 ;;   None.
   154 ;;
   155 ;; Critical Paths under _main in BANK2
   156 ;;
   157 ;;   None.
   158 ;;
   159 ;; Critical Paths under _tmr1 in BANK2
   160 ;;
   161 ;;   None.
   162                           
   163 ;;
   164 ;;Main: autosize = 0, tempsize = 0, incstack = 0, save=0
   165 ;;
   166                           
   167 ;;
   168 ;;Call Graph Tables:
   169 ;;
   170 ;; ---------------------------------------------------------------------------------
   171 ;; (Depth) Function   	        Calls       Base Space   Used Autos Params    Refs
   172 ;; ---------------------------------------------------------------------------------
   173 ;; (0) _main                                                 0     0      0       0
   174 ;; ---------------------------------------------------------------------------------
   175 ;; Estimated maximum stack depth 0
   176 ;; ---------------------------------------------------------------------------------
   177 ;; (Depth) Function   	        Calls       Base Space   Used Autos Params    Refs
   178 ;; ---------------------------------------------------------------------------------
   179 ;; (1) _tmr1                                                 4     4      0       0
   180 ;;                                              0 COMMON     4     4      0
   181 ;; ---------------------------------------------------------------------------------
   182 ;; Estimated maximum stack depth 1
   183 ;; ---------------------------------------------------------------------------------
   184                           
   185 ;; Call Graph Graphs:
   186                           
   187 ;; _main (ROOT)
   188 ;;
   189 ;; _tmr1 (ROOT)
   190 ;;
   191                           
   192 ;; Address spaces:
   193                           
   194 ;;Name               Size   Autos  Total    Cost      Usage
   195 ;;BITCOMMON            E      0       0       0        0.0%
   196 ;;EEDATA             100      0       0       0        0.0%
   197 ;;NULL                 0      0       0       0        0.0%
   198 ;;CODE                 0      0       0       0        0.0%
   199 ;;COMMON               E      4       4       1       28.6%
   200 ;;BITSFR0              0      0       0       1        0.0%
   201 ;;SFR0                 0      0       0       1        0.0%
   202 ;;BITSFR1              0      0       0       2        0.0%
   203 ;;SFR1                 0      0       0       2        0.0%
   204 ;;STACK                0      0       0       2        0.0%
   205 ;;ABS                  0      0       0       3        0.0%
   206 ;;BITBANK0            50      0       0       4        0.0%
   207 ;;BITSFR3              0      0       0       4        0.0%
   208 ;;SFR3                 0      0       0       4        0.0%
   209 ;;BANK0               50      0       0       5        0.0%
   210 ;;BITSFR2              0      0       0       5        0.0%
   211 ;;SFR2                 0      0       0       5        0.0%
   212 ;;BITBANK1            50      0       0       6        0.0%
   213 ;;BANK1               50      0       0       7        0.0%
   214 ;;BITBANK3            60      0       0       8        0.0%
   215 ;;BANK3               60      0       0       9        0.0%
   216 ;;BITBANK2            60      0       0      10        0.0%
   217 ;;BANK2               60      0       0      11        0.0%
   218 ;;DATA                 0      0       0      12        0.0%
   219                           
   220                           	global	_main
   221                           psect	maintext
   222                           
   223 ;; *************** function _main *****************
   224 ;; Defined at:
   225 ;;		line 8 in file "E:\MPLAB_IDE\shy_4\signal.c"
   226 ;; Parameters:    Size  Location     Type
   227 ;;		None
   228 ;; Auto vars:     Size  Location     Type
   229 ;;		None
   230 ;; Return value:  Size  Location     Type
   231 ;;                  2  687[COMMON] int 
   232 ;; Registers used:
   233 ;;		wreg
   234 ;; Tracked objects:
   235 ;;		On entry : 17F/0
   236 ;;		On exit  : 0/0
   237 ;;		Unchanged: 0/0
   238 ;; Data sizes:     COMMON   BANK0   BANK1   BANK3   BANK2
   239 ;;      Params:         0       0       0       0       0
   240 ;;      Locals:         0       0       0       0       0
   241 ;;      Temps:          0       0       0       0       0
   242 ;;      Totals:         0       0       0       0       0
   243 ;;Total ram usage:        0 bytes
   244 ;; Hardware stack levels required when called:    1
   245 ;; This function calls:
   246 ;;		Nothing
   247 ;; This function is called by:
   248 ;;		Startup code after reset
   249 ;; This function uses a non-reentrant model
   250 ;;
   251                           psect	maintext
   252                           	file	"E:\MPLAB_IDE\shy_4\signal.c"
   253                           	line	8
   254                           	global	__size_of_main
   255  0014                     	__size_of_main	equ	__end_of_main-_main
   256                           	
   257  0015                     _main:	
   258                           	opt	stack 7
   259                           ; Regs used in _main: [wreg]
   260                           	line	9
   261                           	
   262  0015                     l1742:	
   263                           ;signal.c: 9: TRISC7=0;
   264  0015  1683               	bsf	status, 5	;RP0=1, select bank1
   265  0016  1303               	bcf	status, 6	;RP1=0, select bank1
   266  0017  1387               	bcf	(1087/8)^080h,(1087)&7
   267                           	line	10
   268                           ;signal.c: 10: GIE=1;PEIE=1;TMR1IE=1;TMR1IF=0;
   269  0018  178B               	bsf	(95/8),(95)&7
   270  0019  170B               	bsf	(94/8),(94)&7
   271  001A  140C               	bsf	(1120/8)^080h,(1120)&7
   272  001B  1283               	bcf	status, 5	;RP0=0, select bank0
   273  001C  1303               	bcf	status, 6	;RP1=0, select bank0
   274  001D  100C               	bcf	(96/8),(96)&7
   275                           	line	11
   276                           	
   277  001E                     l1744:	
   278                           ;signal.c: 11: TMR1H=0XCF;TMR1L=0X2C;
   279  001E  30CF               	movlw	(0CFh)
   280  001F  008F               	movwf	(15)	;volatile
   281  0020  302C               	movlw	(02Ch)
   282  0021  008E               	movwf	(14)	;volatile
   283                           	line	12
   284                           ;signal.c: 12: T1CON=0B00000001;
   285  0022  3001               	movlw	(01h)
   286  0023  0090               	movwf	(16)	;volatile
   287  0024  2825               	goto	l689
   288                           	line	13
   289                           ;signal.c: 13: while(1);
   290                           	
   291  0025                     l688:	
   292                           	
   293  0025                     l689:	
   294  0025  2825               	goto	l689
   295                           	
   296  0026                     l690:	
   297                           	line	14
   298                           	
   299  0026                     l691:	
   300                           	global	start
   301  0026  120A  118A  2812   	ljmp	start
   302                           	opt stack 0
   303                           GLOBAL	__end_of_main
   304  0029                     	__end_of_main:
   305 ;; =============== function _main ends ============
   306                           
   307                           	signat	_main,90
   308                           	global	_tmr1
   309                           psect	text71,local,class=CODE,delta=2
   310                           global __ptext71
   311  0029                     __ptext71:
   312                           
   313 ;; *************** function _tmr1 *****************
   314 ;; Defined at:
   315 ;;		line 3 in file "E:\MPLAB_IDE\shy_4\signal.c"
   316 ;; Parameters:    Size  Location     Type
   317 ;;		None
   318 ;; Auto vars:     Size  Location     Type
   319 ;;		None
   320 ;; Return value:  Size  Location     Type
   321 ;;		None               void
   322 ;; Registers used:
   323 ;;		wreg
   324 ;; Tracked objects:
   325 ;;		On entry : 0/0
   326 ;;		On exit  : 0/0
   327 ;;		Unchanged: 0/0
   328 ;; Data sizes:     COMMON   BANK0   BANK1   BANK3   BANK2
   329 ;;      Params:         0       0       0       0       0
   330 ;;      Locals:         0       0       0       0       0
   331 ;;      Temps:          4       0       0       0       0
   332 ;;      Totals:         4       0       0       0       0
   333 ;;Total ram usage:        4 bytes
   334 ;; Hardware stack levels used:    1
   335 ;; This function calls:
   336 ;;		Nothing
   337 ;; This function is called by:
   338 ;;		Interrupt level 1
   339 ;; This function uses a non-reentrant model
   340 ;;
   341                           psect	text71
   342                           	file	"E:\MPLAB_IDE\shy_4\signal.c"
   343                           	line	3
   344                           	global	__size_of_tmr1
   345  0012                     	__size_of_tmr1	equ	__end_of_tmr1-_tmr1
   346                           	
   347  0029                     _tmr1:	
   348                           	opt	stack 7
   349                           ; Regs used in _tmr1: [wreg]
   350                           psect	intentry,class=CODE,delta=2
   351                           global __pintentry
   352  0004                     __pintentry:
   353                           global interrupt_function
   354  0004                     interrupt_function:
   355                           	global saved_w
   356  007E                     	saved_w	set	btemp+0
   357  0004  00FE               	movwf	saved_w
   358  0005  0E03               	swapf	status,w
   359  0006  00F0               	movwf	(??_tmr1+0)
   360  0007  0804               	movf	fsr0,w
   361  0008  00F1               	movwf	(??_tmr1+1)
   362  0009  080A               	movf	pclath,w
   363  000A  00F2               	movwf	(??_tmr1+2)
   364  000B  1283               	bcf	status, 5	;RP0=0, select bank0
   365  000C  1303               	bcf	status, 6	;RP1=0, select bank0
   366  000D  087F               	movf	btemp+1,w
   367  000E  00F3               	movwf	(??_tmr1+3)
   368  000F  120A  118A  2829   	ljmp	_tmr1
   369                           psect	text71
   370                           	line	4
   371                           	
   372  0029                     i1l1738:	
   373                           ;signal.c: 4: TMR1H=0XCF;TMR1L=0X2C;TMR1IF=0;
   374  0029  30CF               	movlw	(0CFh)
   375  002A  008F               	movwf	(15)	;volatile
   376  002B  302C               	movlw	(02Ch)
   377  002C  008E               	movwf	(14)	;volatile
   378                           	
   379  002D                     i1l1740:	
   380  002D  100C               	bcf	(96/8),(96)&7
   381                           	line	5
   382                           ;signal.c: 5: RC7=!RC7;
   383  002E  3080               	movlw	1<<((63)&7)
   384  002F  0687               	xorwf	((63)/8),f
   385                           	line	6
   386                           	
   387  0030                     i1l685:	
   388  0030  0873               	movf	(??_tmr1+3),w
   389  0031  00FF               	movwf	btemp+1
   390  0032  0872               	movf	(??_tmr1+2),w
   391  0033  008A               	movwf	pclath
   392  0034  0871               	movf	(??_tmr1+1),w
   393  0035  0084               	movwf	fsr0
   394  0036  0E70               	swapf	(??_tmr1+0)^0FFFFFF80h,w
   395  0037  0083               	movwf	status
   396  0038  0EFE               	swapf	saved_w,f
   397  0039  0E7E               	swapf	saved_w,w
   398  003A  0009               	retfie
   399                           	opt stack 0
   400                           GLOBAL	__end_of_tmr1
   401  003B                     	__end_of_tmr1:
   402 ;; =============== function _tmr1 ends ============
   403                           
   404                           	signat	_tmr1,88
   405                           psect	text72,local,class=CODE,delta=2
   406                           global __ptext72
   407  0000                     __ptext72:
   408                           	global	btemp
   409  007E                     	btemp set 07Eh
   410                           
   411                           	DABS	1,126,2	;btemp
   412                           	global	wtemp0
   413  007E                     	wtemp0 set btemp


HI-TECH Software PICC Macro Assembler V9.82 build 9453 
Symbol Table                                                                                   Tue Apr 15 22:36:03 2025

                  _RD 0C60                    _WR 0C61                   l690 0026                   l691 0026  
                 l688 0025                   l689 0025                   _GIE 005F                   _RC7 003F  
                 fsr0 0004                  l1742 0015                  l1744 001E                  _PEIE 005E  
                _WREN 0C62                  _main 0015                  _tmr1 0029                  btemp 007E  
                start 0012                 ?_main 0070                 _EEADR 010D                 ?_tmr1 0070  
               _CARRY 0018                 _T1CON 0010                 i1l685 0030                 _TMR1H 000F  
               _TMR1L 000E                 pclath 000A                 status 0003                 wtemp0 007E  
        __end_of_main 0029          __end_of_tmr1 003B                ??_main 0074                ??_tmr1 0070  
              _EEDATA 010C                _EECON1 018C                _EECON2 018D                i1l1740 002D  
              i1l1738 0029                _TMR1IE 0460                _TMR1IF 0060                _TRISC7 043F  
              saved_w 007E        __pcstackCOMMON 0070            __pmaintext 0015            __pintentry 0004  
end_of_initialization 003B   start_initialization 003B     interrupt_function 0004              __ptext71 0029  
            __ptext72 0000         __size_of_main 0014         __size_of_tmr1 0012              intlevel1 0000  
